Random seed = 1557987684
Gibbs score = -2.44075e+07
Best initial state at iteration: 0 score -2.44075e+07
Gibbs score = -2.75892e+07
Gibbs score = -2.4252e+07
Best initial state at iteration: 2 score -2.4252e+07
Gibbs score = -2.42512e+07
Best initial state at iteration: 3 score -2.42512e+07
Gibbs score = -2.44921e+07
Gibbs score = -2.43447e+07
Gibbs score = -2.56578e+07
Gibbs score = -2.39395e+07
Best initial state at iteration: 7 score -2.39395e+07
Gibbs score = -2.43485e+07
Gibbs score = -2.72113e+07
Gibbs score = -3.16856e+07
Gibbs score = -4.15536e+07
Gibbs score = -2.56632e+07
Gibbs score = -2.45413e+07
Gibbs score = -2.46134e+07
Gibbs score = -2.50067e+07
Gibbs score = -2.43783e+07
Gibbs score = -2.58429e+07
Gibbs score = -2.41917e+07
Gibbs score = -2.4508e+07
Gibbs score = -2.7612e+07
Gibbs score = -2.42412e+07
Gibbs score = -2.40724e+07
Gibbs score = -2.43152e+07
Gibbs score = -2.48358e+07
Gibbs score = -2.6639e+07
Gibbs score = -2.48573e+07
Gibbs score = -2.402e+07
Gibbs score = -2.53531e+07
Gibbs score = -2.46701e+07
Gibbs score = -2.68081e+07
Gibbs score = -2.51457e+07
Gibbs score = -2.44602e+07
Gibbs score = -2.44129e+07
Gibbs score = -2.43169e+07
Gibbs score = -2.56591e+07
Gibbs score = -2.48261e+07
Gibbs score = -2.46127e+07
Gibbs score = -2.5606e+07
Gibbs score = -3.46918e+07
Gibbs score = -2.45495e+07
Gibbs score = -2.47076e+07
Gibbs score = -2.50754e+07
Gibbs score = -2.71375e+07
Gibbs score = -2.43593e+07
Gibbs score = -2.62209e+07
Gibbs score = -2.44794e+07
Gibbs score = -2.43288e+07
Gibbs score = -3.70407e+07
Gibbs score = -2.53495e+07
Gibbs score = -2.43108e+07
Gibbs score = -2.67103e+07
Gibbs score = -2.44457e+07
Gibbs score = -2.47091e+07
Gibbs score = -2.45722e+07
Gibbs score = -2.63633e+07
Gibbs score = -2.42054e+07
Gibbs score = -2.49433e+07
Gibbs score = -2.72141e+07
Gibbs score = -2.45935e+07
Gibbs score = -2.44236e+07
Gibbs score = -2.6031e+07
Gibbs score = -2.42701e+07
Gibbs score = -2.62654e+07
Gibbs score = -2.4713e+07
Gibbs score = -2.69001e+07
Gibbs score = -2.39292e+07
Best initial state at iteration: 66 score -2.39292e+07
Gibbs score = -2.66317e+07
Gibbs score = -2.45037e+07
Gibbs score = -2.67109e+07
Gibbs score = -2.4133e+07
Gibbs score = -2.72551e+07
Gibbs score = -2.44191e+07
Gibbs score = -2.43916e+07
Gibbs score = -2.42273e+07
Gibbs score = -2.48486e+07
Gibbs score = -2.46437e+07
Gibbs score = -2.61377e+07
Gibbs score = -2.43511e+07
Gibbs score = -2.44149e+07
Gibbs score = -2.50177e+07
Gibbs score = -2.61744e+07
Gibbs score = -3.04999e+07
Gibbs score = -2.50664e+07
Gibbs score = -2.49279e+07
Gibbs score = -2.40534e+07
Gibbs score = -2.44161e+07
Gibbs score = -2.41055e+07
Gibbs score = -2.46861e+07
Gibbs score = -2.53389e+07
Gibbs score = -2.60723e+07
Gibbs score = -2.44053e+07
Gibbs score = -2.91634e+07
Gibbs score = -3.1112e+07
Gibbs score = -2.45242e+07
Gibbs score = -2.42668e+07
Gibbs score = -2.46884e+07
Gibbs score = -2.83537e+07
Gibbs score = -2.71584e+07
Gibbs score = -2.47996e+07
Start iteration...1
Start iteration...2
Start iteration...3
Start iteration...4
Start iteration...5
Start iteration...6
Start iteration...7
Start iteration...8
Start iteration...9
Start iteration...10
Start iteration...11
Gibbs score: -5355581.934589
Start iteration...12
Start iteration...13
Start iteration...14
Start iteration...15
Start iteration...16
Start iteration...17
Start iteration...18
Start iteration...19
Start iteration...20
Start iteration...21
Gibbs score: -5394595.526634
Start iteration...22
Start iteration...23
Start iteration...24
Start iteration...25
Start iteration...26
Start iteration...27
Start iteration...28
Start iteration...29
Start iteration...30
Start iteration...31
Gibbs score: -5407023.585877
Start iteration...32
Start iteration...33
Start iteration...34
Start iteration...35
Start iteration...36
Start iteration...37
Start iteration...38
Start iteration...39
Start iteration...40
Start iteration...41
Gibbs score: -5426150.700695
Start iteration...42
Start iteration...43
Start iteration...44
Start iteration...45
Start iteration...46
Start iteration...47
Start iteration...48
Start iteration...49
Start iteration...50
Start iteration...51
Gibbs score: -5429556.077721
Start iteration...52
Start iteration...53
Start iteration...54
Start iteration...55
Start iteration...56
Start iteration...57
Start iteration...58
Start iteration...59
Start iteration...60
Start iteration...61
Gibbs score: -5436134.927696
Start iteration...62
Start iteration...63
Start iteration...64
Start iteration...65
Start iteration...66
Start iteration...67
Start iteration...68
Start iteration...69
Start iteration...70
Start iteration...71
Gibbs score: -5440224.295840
Start iteration...72
Start iteration...73
Start iteration...74
Start iteration...75
Start iteration...76
Start iteration...77
Start iteration...78
Start iteration...79
Start iteration...80
Start iteration...81
Gibbs score: -5446916.202807
Start iteration...82
Start iteration...83
Start iteration...84
Start iteration...85
Start iteration...86
Start iteration...87
Start iteration...88
Start iteration...89
Start iteration...90
Start iteration...91
Gibbs score: -5454787.044226
Start iteration...92
Start iteration...93
Start iteration...94
Start iteration...95
Start iteration...96
Start iteration...97
Start iteration...98
Start iteration...99
Start iteration...100
Start iteration...101
Gibbs score: -5457996.208960
Start iteration...102
Start iteration...103
Start iteration...104
Start iteration...105
Start iteration...106
Start iteration...107
Start iteration...108
Start iteration...109
Start iteration...110
Start iteration...111
Gibbs score: -5450640.578425
Start iteration...112
Start iteration...113
Start iteration...114
Start iteration...115
Start iteration...116
Start iteration...117
Start iteration...118
Start iteration...119
Start iteration...120
Start iteration...121
Gibbs score: -5451229.036265
Start iteration...122
Start iteration...123
Start iteration...124
Start iteration...125
Start iteration...126
Start iteration...127
Start iteration...128
Start iteration...129
Start iteration...130
Start iteration...131
Gibbs score: -5453067.107217
Start iteration...132
Start iteration...133
Start iteration...134
Start iteration...135
Start iteration...136
Start iteration...137
Start iteration...138
Start iteration...139
Start iteration...140
Start iteration...141
Gibbs score: -5449581.289893
Start iteration...142
Start iteration...143
Start iteration...144
Start iteration...145
Start iteration...146
Start iteration...147
Start iteration...148
Start iteration...149
Start iteration...150
Start iteration...151
Gibbs score: -5454980.570988
Start iteration...152
Start iteration...153
Start iteration...154
Start iteration...155
Start iteration...156
Start iteration...157
Start iteration...158
Start iteration...159
Start iteration...160
Start iteration...161
Gibbs score: -5465842.733265
Start iteration...162
Start iteration...163
Start iteration...164
Start iteration...165
Start iteration...166
Start iteration...167
Start iteration...168
Start iteration...169
Start iteration...170
Start iteration...171
Gibbs score: -5471554.623438
Start iteration...172
Start iteration...173
Start iteration...174
Start iteration...175
Start iteration...176
Start iteration...177
Start iteration...178
Start iteration...179
Start iteration...180
Start iteration...181
Gibbs score: -5476967.031935
Start iteration...182
Start iteration...183
Start iteration...184
Start iteration...185
Start iteration...186
Start iteration...187
Start iteration...188
Start iteration...189
Start iteration...190
Start iteration...191
Gibbs score: -5486684.823731
Start iteration...192
Start iteration...193
Start iteration...194
Start iteration...195
Start iteration...196
Start iteration...197
Start iteration...198
Start iteration...199
Start iteration...200
Start iteration...201
Gibbs score: -5485245.215229
Start iteration...202
Start iteration...203
Start iteration...204
Start iteration...205
Start iteration...206
Start iteration...207
Start iteration...208
Start iteration...209
Start iteration...210
Start iteration...211
Gibbs score: -5489897.146124
Start iteration...212
Start iteration...213
Start iteration...214
Start iteration...215
Start iteration...216
Start iteration...217
Start iteration...218
Start iteration...219
Start iteration...220
Start iteration...221
Gibbs score: -5487579.272864
Start iteration...222
Start iteration...223
Start iteration...224
Start iteration...225
Start iteration...226
Start iteration...227
Start iteration...228
Start iteration...229
Start iteration...230
Start iteration...231
Gibbs score: -5498641.186571
Start iteration...232
Start iteration...233
Start iteration...234
Start iteration...235
Start iteration...236
Start iteration...237
Start iteration...238
Start iteration...239
Start iteration...240
Start iteration...241
Gibbs score: -5501148.873796
Start iteration...242
Start iteration...243
Start iteration...244
Start iteration...245
Start iteration...246
Start iteration...247
Start iteration...248
Start iteration...249
Start iteration...250
Start iteration...251
Gibbs score: -5513051.628686
Start iteration...252
Start iteration...253
Start iteration...254
Start iteration...255
Start iteration...256
Start iteration...257
Start iteration...258
Start iteration...259
Start iteration...260
Start iteration...261
Gibbs score: -5519061.642298
Start iteration...262
Start iteration...263
Start iteration...264
Start iteration...265
Start iteration...266
Start iteration...267
Start iteration...268
Start iteration...269
Start iteration...270
Start iteration...271
Gibbs score: -5518175.824853
Start iteration...272
Start iteration...273
Start iteration...274
Start iteration...275
Start iteration...276
Start iteration...277
Start iteration...278
Start iteration...279
Start iteration...280
Start iteration...281
Gibbs score: -5520342.793525
Start iteration...282
Start iteration...283
Start iteration...284
Start iteration...285
Start iteration...286
Start iteration...287
Start iteration...288
Start iteration...289
Start iteration...290
Start iteration...291
Gibbs score: -5526912.668766
Start iteration...292
Start iteration...293
Start iteration...294
Start iteration...295
Start iteration...296
Start iteration...297
Start iteration...298
Start iteration...299
Start iteration...300
Start iteration...301
Gibbs score: -5534470.535131
Start iteration...302
Start iteration...303
Start iteration...304
Start iteration...305
Start iteration...306
Start iteration...307
Start iteration...308
Start iteration...309
Start iteration...310
Start iteration...311
Gibbs score: -5538226.372093
Start iteration...312
Start iteration...313
Start iteration...314
Start iteration...315
Start iteration...316
Start iteration...317
Start iteration...318
Start iteration...319
Start iteration...320
Start iteration...321
Gibbs score: -5540776.466078
Start iteration...322
Start iteration...323
Start iteration...324
Start iteration...325
Start iteration...326
Start iteration...327
Start iteration...328
Start iteration...329
Start iteration...330
Start iteration...331
Gibbs score: -5541422.541615
Start iteration...332
Start iteration...333
Start iteration...334
Start iteration...335
Start iteration...336
Start iteration...337
Start iteration...338
Start iteration...339
Start iteration...340
Start iteration...341
Gibbs score: -5543428.885049
Start iteration...342
Start iteration...343
Start iteration...344
Start iteration...345
Start iteration...346
Start iteration...347
Start iteration...348
Start iteration...349
Start iteration...350
Start iteration...351
Gibbs score: -5537969.599741
Start iteration...352
Start iteration...353
Start iteration...354
Start iteration...355
Start iteration...356
Start iteration...357
Start iteration...358
Start iteration...359
Start iteration...360
Start iteration...361
Gibbs score: -5538074.315097
Start iteration...362
Start iteration...363
Start iteration...364
Start iteration...365
Start iteration...366
Start iteration...367
Start iteration...368
Start iteration...369
Start iteration...370
Start iteration...371
Gibbs score: -5544731.053075
Start iteration...372
Start iteration...373
Start iteration...374
Start iteration...375
Start iteration...376
Start iteration...377
Start iteration...378
Start iteration...379
Start iteration...380
Start iteration...381
Gibbs score: -5544251.935943
Start iteration...382
Start iteration...383
Start iteration...384
Start iteration...385
Start iteration...386
Start iteration...387
Start iteration...388
Start iteration...389
Start iteration...390
Start iteration...391
Gibbs score: -5546783.616280
Start iteration...392
Start iteration...393
Start iteration...394
Start iteration...395
Start iteration...396
Start iteration...397
Start iteration...398
Start iteration...399
Start iteration...400
Start iteration...401
Gibbs score: -5550749.914687
Start iteration...402
Start iteration...403
Start iteration...404
Start iteration...405
Start iteration...406
Start iteration...407
Start iteration...408
Start iteration...409
Start iteration...410
Start iteration...411
Gibbs score: -5552555.355172
Start iteration...412
Start iteration...413
Start iteration...414
Start iteration...415
Start iteration...416
Start iteration...417
Start iteration...418
Start iteration...419
Start iteration...420
Start iteration...421
Gibbs score: -5555468.831871
Start iteration...422
Start iteration...423
Start iteration...424
Start iteration...425
Start iteration...426
Start iteration...427
Start iteration...428
Start iteration...429
Start iteration...430
Start iteration...431
Gibbs score: -5551061.900365
Start iteration...432
Start iteration...433
Start iteration...434
Start iteration...435
Start iteration...436
Start iteration...437
Start iteration...438
Start iteration...439
Start iteration...440
Start iteration...441
Gibbs score: -5557154.034618
Start iteration...442
Start iteration...443
Start iteration...444
Start iteration...445
Start iteration...446
Start iteration...447
Start iteration...448
Start iteration...449
Start iteration...450
Start iteration...451
Gibbs score: -5557889.299517
Start iteration...452
Start iteration...453
Start iteration...454
Start iteration...455
Start iteration...456
Start iteration...457
Start iteration...458
Start iteration...459
Start iteration...460
Start iteration...461
Gibbs score: -5555177.900051
Start iteration...462
Start iteration...463
Start iteration...464
Start iteration...465
Start iteration...466
Start iteration...467
Start iteration...468
Start iteration...469
Start iteration...470
Start iteration...471
Gibbs score: -5562405.252138
Start iteration...472
Start iteration...473
Start iteration...474
Start iteration...475
Start iteration...476
Start iteration...477
Start iteration...478
Start iteration...479
Start iteration...480
Start iteration...481
Gibbs score: -5563071.524349
Start iteration...482
Start iteration...483
Start iteration...484
Start iteration...485
Start iteration...486
Start iteration...487
Start iteration...488
Start iteration...489
Start iteration...490
Start iteration...491
Gibbs score: -5561922.428329
Start iteration...492
Start iteration...493
Start iteration...494
Start iteration...495
Start iteration...496
Start iteration...497
Start iteration...498
Start iteration...499
Start iteration...500
Start iteration...501
Gibbs score: -5564495.045359
Start iteration...502
Start iteration...503
Start iteration...504
Start iteration...505
Start iteration...506
Start iteration...507
Start iteration...508
Start iteration...509
Start iteration...510
Start iteration...511
Gibbs score: -5563864.157015
Start iteration...512
Start iteration...513
Start iteration...514
Start iteration...515
Start iteration...516
Start iteration...517
Start iteration...518
Start iteration...519
Start iteration...520
Start iteration...521
Gibbs score: -5558515.653528
Start iteration...522
Start iteration...523
Start iteration...524
Start iteration...525
Start iteration...526
Start iteration...527
Start iteration...528
Start iteration...529
Start iteration...530
Start iteration...531
Gibbs score: -5567757.865293
Start iteration...532
Start iteration...533
Start iteration...534
Start iteration...535
Start iteration...536
Start iteration...537
Start iteration...538
Start iteration...539
Start iteration...540
Start iteration...541
Gibbs score: -5570001.232995
Start iteration...542
Start iteration...543
Start iteration...544
Start iteration...545
Start iteration...546
Start iteration...547
Start iteration...548
Start iteration...549
Start iteration...550
Start iteration...551
Gibbs score: -5564720.547940
Start iteration...552
Start iteration...553
Start iteration...554
Start iteration...555
Start iteration...556
Start iteration...557
Start iteration...558
Start iteration...559
Start iteration...560
Start iteration...561
Gibbs score: -5566161.408491
Start iteration...562
Start iteration...563
Start iteration...564
Start iteration...565
Start iteration...566
Start iteration...567
Start iteration...568
Start iteration...569
Start iteration...570
Start iteration...571
Gibbs score: -5564441.776757
Start iteration...572
Start iteration...573
Start iteration...574
Start iteration...575
Start iteration...576
Start iteration...577
Start iteration...578
Start iteration...579
Start iteration...580
Start iteration...581
Gibbs score: -5564349.223233
Start iteration...582
Start iteration...583
Start iteration...584
Start iteration...585
Start iteration...586
Start iteration...587
Start iteration...588
Start iteration...589
Start iteration...590
Start iteration...591
Gibbs score: -5562935.135620
Start iteration...592
Start iteration...593
Start iteration...594
Start iteration...595
Start iteration...596
Start iteration...597
Start iteration...598
Start iteration...599
Start iteration...600
Start iteration...601
Gibbs score: -5568034.538485
Start iteration...602
Start iteration...603
Start iteration...604
Start iteration...605
Start iteration...606
Start iteration...607
Start iteration...608
Start iteration...609
Start iteration...610
Start iteration...611
Gibbs score: -5564914.359828
Start iteration...612
Start iteration...613
Start iteration...614
Start iteration...615
Start iteration...616
Start iteration...617
Start iteration...618
Start iteration...619
Start iteration...620
Start iteration...621
Gibbs score: -5567913.130770
Start iteration...622
Start iteration...623
Start iteration...624
Start iteration...625
Start iteration...626
Start iteration...627
Start iteration...628
Start iteration...629
Start iteration...630
Start iteration...631
Gibbs score: -5565821.626352
Start iteration...632
Start iteration...633
Start iteration...634
Start iteration...635
Start iteration...636
Start iteration...637
Start iteration...638
Start iteration...639
Start iteration...640
Start iteration...641
Gibbs score: -5578045.368521
Start iteration...642
Start iteration...643
Start iteration...644
Start iteration...645
Start iteration...646
Start iteration...647
Start iteration...648
Start iteration...649
Start iteration...650
Start iteration...651
Gibbs score: -5571129.523126
Start iteration...652
Start iteration...653
Start iteration...654
Start iteration...655
Start iteration...656
Start iteration...657
Start iteration...658
Start iteration...659
Start iteration...660
Start iteration...661
Gibbs score: -5574696.908933
Start iteration...662
Start iteration...663
Start iteration...664
Start iteration...665
Start iteration...666
Start iteration...667
Start iteration...668
Start iteration...669
Start iteration...670
Start iteration...671
Gibbs score: -5571651.123445
Start iteration...672
Start iteration...673
Start iteration...674
Start iteration...675
Start iteration...676
Start iteration...677
Start iteration...678
Start iteration...679
Start iteration...680
Start iteration...681
Gibbs score: -5563756.796713
Start iteration...682
Start iteration...683
Start iteration...684
Start iteration...685
Start iteration...686
Start iteration...687
Start iteration...688
Start iteration...689
Start iteration...690
Start iteration...691
Gibbs score: -5574306.549972
Start iteration...692
Start iteration...693
Start iteration...694
Start iteration...695
Start iteration...696
Start iteration...697
Start iteration...698
Start iteration...699
Start iteration...700
Start iteration...701
Gibbs score: -5572210.280750
Start iteration...702
Start iteration...703
Start iteration...704
Start iteration...705
Start iteration...706
Start iteration...707
Start iteration...708
Start iteration...709
Start iteration...710
Start iteration...711
Gibbs score: -5580105.421901
Start iteration...712
Start iteration...713
Start iteration...714
Start iteration...715
Start iteration...716
Start iteration...717
Start iteration...718
Start iteration...719
Start iteration...720
Start iteration...721
Gibbs score: -5583903.697591
Start iteration...722
Start iteration...723
Start iteration...724
Start iteration...725
Start iteration...726
Start iteration...727
Start iteration...728
Start iteration...729
Start iteration...730
Start iteration...731
Gibbs score: -5578924.466933
Start iteration...732
Start iteration...733
Start iteration...734
Start iteration...735
Start iteration...736
Start iteration...737
Start iteration...738
Start iteration...739
Start iteration...740
Start iteration...741
Gibbs score: -5577444.736335
Start iteration...742
Start iteration...743
Start iteration...744
Start iteration...745
Start iteration...746
Start iteration...747
Start iteration...748
Start iteration...749
Start iteration...750
Start iteration...751
Gibbs score: -5581880.614320
Start iteration...752
Start iteration...753
Start iteration...754
Start iteration...755
Start iteration...756
Start iteration...757
Start iteration...758
Start iteration...759
Start iteration...760
Start iteration...761
Gibbs score: -5583012.138270
Start iteration...762
Start iteration...763
Start iteration...764
Start iteration...765
Start iteration...766
Start iteration...767
Start iteration...768
Start iteration...769
Start iteration...770
Start iteration...771
Gibbs score: -5582810.772576
Start iteration...772
Start iteration...773
Start iteration...774
Start iteration...775
Start iteration...776
Start iteration...777
Start iteration...778
Start iteration...779
Start iteration...780
Start iteration...781
Gibbs score: -5573953.359070
Start iteration...782
Start iteration...783
Start iteration...784
Start iteration...785
Start iteration...786
Start iteration...787
Start iteration...788
Start iteration...789
Start iteration...790
Start iteration...791
Gibbs score: -5576232.302467
Start iteration...792
Start iteration...793
Start iteration...794
Start iteration...795
Start iteration...796
Start iteration...797
Start iteration...798
Start iteration...799
Start iteration...800
Start iteration...801
Gibbs score: -5577821.607452
Start iteration...802
Start iteration...803
Start iteration...804
Start iteration...805
Start iteration...806
Start iteration...807
Start iteration...808
Start iteration...809
Start iteration...810
Start iteration...811
Gibbs score: -5574269.115374
Start iteration...812
Start iteration...813
Start iteration...814
Start iteration...815
Start iteration...816
Start iteration...817
Start iteration...818
Start iteration...819
Start iteration...820
Start iteration...821
Gibbs score: -5575096.579459
Start iteration...822
Start iteration...823
Start iteration...824
Start iteration...825
Start iteration...826
Start iteration...827
Start iteration...828
Start iteration...829
Start iteration...830
Start iteration...831
Gibbs score: -5576991.580964
Start iteration...832
Start iteration...833
Start iteration...834
Start iteration...835
Start iteration...836
Start iteration...837
Start iteration...838
Start iteration...839
Start iteration...840
Start iteration...841
Gibbs score: -5580878.577779
Start iteration...842
Start iteration...843
Start iteration...844
Start iteration...845
Start iteration...846
Start iteration...847
Start iteration...848
Start iteration...849
Start iteration...850
Start iteration...851
Gibbs score: -5581170.050178
Start iteration...852
Start iteration...853
Start iteration...854
Start iteration...855
Start iteration...856
Start iteration...857
Start iteration...858
Start iteration...859
Start iteration...860
Start iteration...861
Gibbs score: -5575477.584517
Start iteration...862
Start iteration...863
Start iteration...864
Start iteration...865
Start iteration...866
Start iteration...867
Start iteration...868
Start iteration...869
Start iteration...870
Start iteration...871
Gibbs score: -5581188.103521
Start iteration...872
Start iteration...873
Start iteration...874
Start iteration...875
Start iteration...876
Start iteration...877
Start iteration...878
Start iteration...879
Start iteration...880
Start iteration...881
Gibbs score: -5582798.919883
Start iteration...882
Start iteration...883
Start iteration...884
Start iteration...885
Start iteration...886
Start iteration...887
Start iteration...888
Start iteration...889
Start iteration...890
Start iteration...891
Gibbs score: -5582221.812775
Start iteration...892
Start iteration...893
Start iteration...894
Start iteration...895
Start iteration...896
Start iteration...897
Start iteration...898
Start iteration...899
Start iteration...900
Start iteration...901
Gibbs score: -5581463.230032
Start iteration...902
Start iteration...903
Start iteration...904
Start iteration...905
Start iteration...906
Start iteration...907
Start iteration...908
Start iteration...909
Start iteration...910
Start iteration...911
Gibbs score: -5582009.295014
Start iteration...912
Start iteration...913
Start iteration...914
Start iteration...915
Start iteration...916
Start iteration...917
Start iteration...918
Start iteration...919
Start iteration...920
Start iteration...921
Gibbs score: -5582497.120723
Start iteration...922
Start iteration...923
Start iteration...924
Start iteration...925
Start iteration...926
Start iteration...927
Start iteration...928
Start iteration...929
Start iteration...930
Start iteration...931
Gibbs score: -5583887.414270
Start iteration...932
Start iteration...933
Start iteration...934
Start iteration...935
Start iteration...936
Start iteration...937
Start iteration...938
Start iteration...939
Start iteration...940
Start iteration...941
Gibbs score: -5579897.464964
Start iteration...942
Start iteration...943
Start iteration...944
Start iteration...945
Start iteration...946
Start iteration...947
Start iteration...948
Start iteration...949
Start iteration...950
Start iteration...951
Gibbs score: -5581746.104367
Start iteration...952
Start iteration...953
Start iteration...954
Start iteration...955
Start iteration...956
Start iteration...957
Start iteration...958
Start iteration...959
Start iteration...960
Start iteration...961
Gibbs score: -5579668.038857
Start iteration...962
Start iteration...963
Start iteration...964
Start iteration...965
Start iteration...966
Start iteration...967
Start iteration...968
Start iteration...969
Start iteration...970
Start iteration...971
Gibbs score: -5578420.710276
Start iteration...972
Start iteration...973
Start iteration...974
Start iteration...975
Start iteration...976
Start iteration...977
Start iteration...978
Start iteration...979
Start iteration...980
Start iteration...981
Gibbs score: -5584824.503822
Start iteration...982
Start iteration...983
Start iteration...984
Start iteration...985
Start iteration...986
Start iteration...987
Start iteration...988
Start iteration...989
Start iteration...990
Start iteration...991
Gibbs score: -5587113.659333
Start iteration...992
Start iteration...993
Start iteration...994
Start iteration...995
Start iteration...996
Start iteration...997
Start iteration...998
Start iteration...999
Start iteration...1000
Start iteration...1001
Gibbs score: -5591449.796864
Start iteration...1002
Start iteration...1003
Start iteration...1004
Start iteration...1005
Start iteration...1006
Start iteration...1007
Start iteration...1008
Start iteration...1009
Start iteration...1010
Start iteration...1011
Gibbs score: -5593484.571827
Start iteration...1012
Start iteration...1013
Start iteration...1014
Start iteration...1015
Start iteration...1016
Start iteration...1017
Start iteration...1018
Start iteration...1019
Start iteration...1020
Start iteration...1021
Gibbs score: -5586818.127932
Start iteration...1022
Start iteration...1023
Start iteration...1024
Start iteration...1025
Start iteration...1026
Start iteration...1027
Start iteration...1028
Start iteration...1029
Start iteration...1030
Start iteration...1031
Gibbs score: -5586492.792600
Start iteration...1032
Start iteration...1033
Start iteration...1034
Start iteration...1035
Start iteration...1036
Start iteration...1037
Start iteration...1038
Start iteration...1039
Start iteration...1040
Start iteration...1041
Gibbs score: -5586547.124036
Start iteration...1042
Start iteration...1043
Start iteration...1044
Start iteration...1045
Start iteration...1046
Start iteration...1047
Start iteration...1048
Start iteration...1049
Start iteration...1050
Start iteration...1051
Gibbs score: -5583949.814344
Start iteration...1052
Start iteration...1053
Start iteration...1054
Start iteration...1055
Start iteration...1056
Start iteration...1057
Start iteration...1058
Start iteration...1059
Start iteration...1060
Start iteration...1061
Gibbs score: -5588126.023755
Start iteration...1062
Start iteration...1063
Start iteration...1064
Start iteration...1065
Start iteration...1066
Start iteration...1067
Start iteration...1068
Start iteration...1069
Start iteration...1070
Start iteration...1071
Gibbs score: -5583839.655550
Start iteration...1072
Start iteration...1073
Start iteration...1074
Start iteration...1075
Start iteration...1076
Start iteration...1077
Start iteration...1078
Start iteration...1079
Start iteration...1080
Start iteration...1081
Gibbs score: -5584759.021608
Start iteration...1082
Start iteration...1083
Start iteration...1084
Start iteration...1085
Start iteration...1086
Start iteration...1087
Start iteration...1088
Start iteration...1089
Start iteration...1090
Start iteration...1091
Gibbs score: -5585053.954168
Start iteration...1092
Start iteration...1093
Start iteration...1094
Start iteration...1095
Start iteration...1096
Start iteration...1097
Start iteration...1098
Start iteration...1099
Start iteration...1100
Start iteration...1101
Gibbs score: -5578982.621191
Start iteration...1102
Start iteration...1103
Start iteration...1104
Start iteration...1105
Start iteration...1106
Start iteration...1107
Start iteration...1108
Start iteration...1109
Start iteration...1110
Start iteration...1111
Gibbs score: -5583009.367045
Start iteration...1112
Start iteration...1113
Start iteration...1114
Start iteration...1115
Start iteration...1116
Start iteration...1117
Start iteration...1118
Start iteration...1119
Start iteration...1120
Start iteration...1121
Gibbs score: -5584298.767890
Start iteration...1122
Start iteration...1123
Start iteration...1124
Start iteration...1125
Start iteration...1126
Start iteration...1127
Start iteration...1128
Start iteration...1129
Start iteration...1130
Start iteration...1131
Gibbs score: -5585010.377526
Start iteration...1132
Start iteration...1133
Start iteration...1134
Start iteration...1135
Start iteration...1136
Start iteration...1137
Start iteration...1138
Start iteration...1139
Start iteration...1140
Start iteration...1141
Gibbs score: -5581546.743626
Start iteration...1142
Start iteration...1143
Start iteration...1144
Start iteration...1145
Start iteration...1146
Start iteration...1147
Start iteration...1148
Start iteration...1149
Start iteration...1150
Start iteration...1151
Gibbs score: -5589643.901567
Start iteration...1152
Start iteration...1153
Start iteration...1154
Start iteration...1155
Start iteration...1156
Start iteration...1157
Start iteration...1158
Start iteration...1159
Start iteration...1160
Start iteration...1161
Gibbs score: -5587651.539737
Start iteration...1162
Start iteration...1163
Start iteration...1164
Start iteration...1165
Start iteration...1166
Start iteration...1167
Start iteration...1168
Start iteration...1169
Start iteration...1170
Start iteration...1171
Gibbs score: -5586035.383297
Start iteration...1172
Start iteration...1173
Start iteration...1174
Start iteration...1175
Start iteration...1176
Start iteration...1177
Start iteration...1178
Start iteration...1179
Start iteration...1180
Start iteration...1181
Gibbs score: -5581917.218758
Start iteration...1182
Start iteration...1183
Start iteration...1184
Start iteration...1185
Start iteration...1186
Start iteration...1187
Start iteration...1188
Start iteration...1189
Start iteration...1190
Start iteration...1191
Gibbs score: -5584218.023260
Start iteration...1192
Start iteration...1193
Start iteration...1194
Start iteration...1195
Start iteration...1196
Start iteration...1197
Start iteration...1198
Start iteration...1199
Start iteration...1200
Start iteration...1201
Gibbs score: -5584364.231062
Start iteration...1202
Start iteration...1203
Start iteration...1204
Start iteration...1205
Start iteration...1206
Start iteration...1207
Start iteration...1208
Start iteration...1209
Start iteration...1210
Start iteration...1211
Gibbs score: -5589810.613477
Start iteration...1212
Start iteration...1213
Start iteration...1214
Start iteration...1215
Start iteration...1216
Start iteration...1217
Start iteration...1218
Start iteration...1219
Start iteration...1220
Start iteration...1221
Gibbs score: -5586721.883897
Start iteration...1222
Start iteration...1223
Start iteration...1224
Start iteration...1225
Start iteration...1226
Start iteration...1227
Start iteration...1228
Start iteration...1229
Start iteration...1230
Start iteration...1231
Gibbs score: -5583205.905178
Start iteration...1232
Start iteration...1233
Start iteration...1234
Start iteration...1235
Start iteration...1236
Start iteration...1237
Start iteration...1238
Start iteration...1239
Start iteration...1240
Start iteration...1241
Gibbs score: -5587717.496131
Start iteration...1242
Start iteration...1243
Start iteration...1244
Start iteration...1245
Start iteration...1246
Start iteration...1247
Start iteration...1248
Start iteration...1249
Start iteration...1250
Start iteration...1251
Gibbs score: -5592532.460069
Start iteration...1252
Start iteration...1253
Start iteration...1254
Start iteration...1255
Start iteration...1256
Start iteration...1257
Start iteration...1258
Start iteration...1259
Start iteration...1260
Start iteration...1261
Gibbs score: -5591339.394612
Start iteration...1262
Start iteration...1263
Start iteration...1264
Start iteration...1265
Start iteration...1266
Start iteration...1267
Start iteration...1268
Start iteration...1269
Start iteration...1270
Start iteration...1271
Gibbs score: -5590806.597160
Start iteration...1272
Start iteration...1273
Start iteration...1274
Start iteration...1275
Start iteration...1276
Start iteration...1277
Start iteration...1278
Start iteration...1279
Start iteration...1280
Start iteration...1281
Gibbs score: -5589267.899718
Start iteration...1282
Start iteration...1283
Start iteration...1284
Start iteration...1285
Start iteration...1286
Start iteration...1287
Start iteration...1288
Start iteration...1289
Start iteration...1290
Start iteration...1291
Gibbs score: -5588747.794441
Start iteration...1292
Start iteration...1293
Start iteration...1294
Start iteration...1295
Start iteration...1296
Start iteration...1297
Start iteration...1298
Start iteration...1299
Start iteration...1300
Start iteration...1301
Gibbs score: -5586598.322943
Start iteration...1302
Start iteration...1303
Start iteration...1304
Start iteration...1305
Start iteration...1306
Start iteration...1307
Start iteration...1308
Start iteration...1309
Start iteration...1310
Start iteration...1311
Gibbs score: -5592625.124773
Start iteration...1312
Start iteration...1313
Start iteration...1314
Start iteration...1315
Start iteration...1316
Start iteration...1317
Start iteration...1318
Start iteration...1319
Start iteration...1320
Start iteration...1321
Gibbs score: -5589577.924673
Start iteration...1322
Start iteration...1323
Start iteration...1324
Start iteration...1325
Start iteration...1326
Start iteration...1327
Start iteration...1328
Start iteration...1329
Start iteration...1330
Start iteration...1331
Gibbs score: -5588988.699814
Start iteration...1332
Start iteration...1333
Start iteration...1334
Start iteration...1335
Start iteration...1336
Start iteration...1337
Start iteration...1338
Start iteration...1339
Start iteration...1340
Start iteration...1341
Gibbs score: -5594824.549580
Start iteration...1342
Start iteration...1343
Start iteration...1344
Start iteration...1345
Start iteration...1346
Start iteration...1347
Start iteration...1348
Start iteration...1349
Start iteration...1350
Start iteration...1351
Gibbs score: -5593734.839672
Start iteration...1352
Start iteration...1353
Start iteration...1354
Start iteration...1355
Start iteration...1356
Start iteration...1357
Start iteration...1358
Start iteration...1359
Start iteration...1360
Start iteration...1361
Gibbs score: -5595352.671512
Start iteration...1362
Start iteration...1363
Start iteration...1364
Start iteration...1365
Start iteration...1366
Start iteration...1367
Start iteration...1368
Start iteration...1369
Start iteration...1370
Start iteration...1371
Gibbs score: -5591614.835812
Start iteration...1372
Start iteration...1373
Start iteration...1374
Start iteration...1375
Start iteration...1376
Start iteration...1377
Start iteration...1378
Start iteration...1379
Start iteration...1380
Start iteration...1381
Gibbs score: -5594300.976593
Start iteration...1382
Start iteration...1383
Start iteration...1384
Start iteration...1385
Start iteration...1386
Start iteration...1387
Start iteration...1388
Start iteration...1389
Start iteration...1390
Start iteration...1391
Gibbs score: -5584517.243741
Start iteration...1392
Start iteration...1393
Start iteration...1394
Start iteration...1395
Start iteration...1396
Start iteration...1397
Start iteration...1398
Start iteration...1399
Start iteration...1400
Start iteration...1401
Gibbs score: -5585054.930127
Start iteration...1402
Start iteration...1403
Start iteration...1404
Start iteration...1405
Start iteration...1406
Start iteration...1407
Start iteration...1408
Start iteration...1409
Start iteration...1410
Start iteration...1411
Gibbs score: -5591036.759140
Start iteration...1412
Start iteration...1413
Start iteration...1414
Start iteration...1415
Start iteration...1416
Start iteration...1417
Start iteration...1418
Start iteration...1419
Start iteration...1420
Start iteration...1421
Gibbs score: -5588348.235098
Start iteration...1422
Start iteration...1423
Start iteration...1424
Start iteration...1425
Start iteration...1426
Start iteration...1427
Start iteration...1428
Start iteration...1429
Start iteration...1430
Start iteration...1431
Gibbs score: -5591520.164337
Start iteration...1432
Start iteration...1433
Start iteration...1434
Start iteration...1435
Start iteration...1436
Start iteration...1437
Start iteration...1438
Start iteration...1439
Start iteration...1440
Start iteration...1441
Gibbs score: -5594925.071517
Start iteration...1442
Start iteration...1443
Start iteration...1444
Start iteration...1445
Start iteration...1446
Start iteration...1447
Start iteration...1448
Start iteration...1449
Start iteration...1450
Start iteration...1451
Gibbs score: -5594528.791175
Start iteration...1452
Start iteration...1453
Start iteration...1454
Start iteration...1455
Start iteration...1456
Start iteration...1457
Start iteration...1458
Start iteration...1459
Start iteration...1460
Start iteration...1461
Gibbs score: -5591568.231829
Start iteration...1462
Start iteration...1463
Start iteration...1464
Start iteration...1465
Start iteration...1466
Start iteration...1467
Start iteration...1468
Start iteration...1469
Start iteration...1470
Start iteration...1471
Gibbs score: -5591929.575813
Start iteration...1472
Start iteration...1473
Start iteration...1474
Start iteration...1475
Start iteration...1476
Start iteration...1477
Start iteration...1478
Start iteration...1479
Start iteration...1480
Start iteration...1481
Gibbs score: -5596402.870628
Start iteration...1482
Start iteration...1483
Start iteration...1484
Start iteration...1485
Start iteration...1486
Start iteration...1487
Start iteration...1488
Start iteration...1489
Start iteration...1490
Start iteration...1491
Gibbs score: -5587399.973339
Start iteration...1492
Start iteration...1493
Start iteration...1494
Start iteration...1495
Start iteration...1496
Start iteration...1497
Start iteration...1498
Start iteration...1499
Start iteration...1500
Start iteration...1501
Gibbs score: -5588911.632228
Start iteration...1502
Start iteration...1503
Start iteration...1504
Start iteration...1505
Start iteration...1506
Start iteration...1507
Start iteration...1508
Start iteration...1509
Start iteration...1510
Start iteration...1511
Gibbs score: -5594284.411561
Start iteration...1512
Start iteration...1513
Start iteration...1514
Start iteration...1515
Start iteration...1516
Start iteration...1517
Start iteration...1518
Start iteration...1519
Start iteration...1520
Start iteration...1521
Gibbs score: -5599084.079260
Start iteration...1522
Start iteration...1523
Start iteration...1524
Start iteration...1525
Start iteration...1526
Start iteration...1527
Start iteration...1528
Start iteration...1529
Start iteration...1530
Start iteration...1531
Gibbs score: -5596436.074987
Start iteration...1532
Start iteration...1533
Start iteration...1534
Start iteration...1535
Start iteration...1536
Start iteration...1537
Start iteration...1538
Start iteration...1539
Start iteration...1540
Start iteration...1541
Gibbs score: -5596780.521583
Start iteration...1542
Start iteration...1543
Start iteration...1544
Start iteration...1545
Start iteration...1546
Start iteration...1547
Start iteration...1548
Start iteration...1549
Start iteration...1550
Start iteration...1551
Gibbs score: -5596026.769292
Start iteration...1552
Start iteration...1553
Start iteration...1554
Start iteration...1555
Start iteration...1556
Start iteration...1557
Start iteration...1558
Start iteration...1559
Start iteration...1560
Start iteration...1561
Gibbs score: -5597770.982818
Start iteration...1562
Start iteration...1563
Start iteration...1564
Start iteration...1565
Start iteration...1566
Start iteration...1567
Start iteration...1568
Start iteration...1569
Start iteration...1570
Start iteration...1571
Gibbs score: -5600226.335276
Start iteration...1572
Start iteration...1573
Start iteration...1574
Start iteration...1575
Start iteration...1576
Start iteration...1577
Start iteration...1578
Start iteration...1579
Start iteration...1580
Start iteration...1581
Gibbs score: -5595530.088085
Start iteration...1582
Start iteration...1583
Start iteration...1584
Start iteration...1585
Start iteration...1586
Start iteration...1587
Start iteration...1588
Start iteration...1589
Start iteration...1590
Start iteration...1591
Gibbs score: -5589122.686814
Start iteration...1592
Start iteration...1593
Start iteration...1594
Start iteration...1595
Start iteration...1596
Start iteration...1597
Start iteration...1598
Start iteration...1599
Start iteration...1600
Start iteration...1601
Gibbs score: -5595093.511934
Start iteration...1602
Start iteration...1603
Start iteration...1604
Start iteration...1605
Start iteration...1606
Start iteration...1607
Start iteration...1608
Start iteration...1609
Start iteration...1610
Start iteration...1611
Gibbs score: -5592071.868105
Start iteration...1612
Start iteration...1613
Start iteration...1614
Start iteration...1615
Start iteration...1616
Start iteration...1617
Start iteration...1618
Start iteration...1619
Start iteration...1620
Start iteration...1621
Gibbs score: -5589808.291177
Start iteration...1622
Start iteration...1623
Start iteration...1624
Start iteration...1625
Start iteration...1626
Start iteration...1627
Start iteration...1628
Start iteration...1629
Start iteration...1630
Start iteration...1631
Gibbs score: -5596475.568963
Start iteration...1632
Start iteration...1633
Start iteration...1634
Start iteration...1635
Start iteration...1636
Start iteration...1637
Start iteration...1638
Start iteration...1639
Start iteration...1640
Start iteration...1641
Gibbs score: -5598132.313567
Start iteration...1642
Start iteration...1643
Start iteration...1644
Start iteration...1645
Start iteration...1646
Start iteration...1647
Start iteration...1648
Start iteration...1649
Start iteration...1650
Start iteration...1651
Gibbs score: -5600489.873815
Start iteration...1652
Start iteration...1653
Start iteration...1654
Start iteration...1655
Start iteration...1656
Start iteration...1657
Start iteration...1658
Start iteration...1659
Start iteration...1660
Start iteration...1661
Gibbs score: -5593526.579726
Start iteration...1662
Start iteration...1663
Start iteration...1664
Start iteration...1665
Start iteration...1666
Start iteration...1667
Start iteration...1668
Start iteration...1669
Start iteration...1670
Start iteration...1671
Gibbs score: -5587604.501335
Start iteration...1672
Start iteration...1673
Start iteration...1674
Start iteration...1675
Start iteration...1676
Start iteration...1677
Start iteration...1678
Start iteration...1679
Start iteration...1680
Start iteration...1681
Gibbs score: -5595213.693181
Start iteration...1682
Start iteration...1683
Start iteration...1684
Start iteration...1685
Start iteration...1686
Start iteration...1687
Start iteration...1688
Start iteration...1689
Start iteration...1690
Start iteration...1691
Gibbs score: -5597274.630743
Start iteration...1692
Start iteration...1693
Start iteration...1694
Start iteration...1695
Start iteration...1696
Start iteration...1697
Start iteration...1698
Start iteration...1699
Start iteration...1700
Start iteration...1701
Gibbs score: -5594055.501871
Start iteration...1702
Start iteration...1703
Start iteration...1704
Start iteration...1705
Start iteration...1706
Start iteration...1707
Start iteration...1708
Start iteration...1709
Start iteration...1710
Start iteration...1711
Gibbs score: -5598564.242442
Start iteration...1712
Start iteration...1713
Start iteration...1714
Start iteration...1715
Start iteration...1716
Start iteration...1717
Start iteration...1718
Start iteration...1719
Start iteration...1720
Start iteration...1721
Gibbs score: -5596876.354781
Start iteration...1722
Start iteration...1723
Start iteration...1724
Start iteration...1725
Start iteration...1726
Start iteration...1727
Start iteration...1728
Start iteration...1729
Start iteration...1730
Start iteration...1731
Gibbs score: -5602134.325496
Start iteration...1732
Start iteration...1733
Start iteration...1734
Start iteration...1735
Start iteration...1736
Start iteration...1737
Start iteration...1738
Start iteration...1739
Start iteration...1740
Start iteration...1741
Gibbs score: -5597676.167187
Start iteration...1742
Start iteration...1743
Start iteration...1744
Start iteration...1745
Start iteration...1746
Start iteration...1747
Start iteration...1748
Start iteration...1749
Start iteration...1750
Start iteration...1751
Gibbs score: -5600673.199138
Start iteration...1752
Start iteration...1753
Start iteration...1754
Start iteration...1755
Start iteration...1756
Start iteration...1757
Start iteration...1758
Start iteration...1759
Start iteration...1760
Start iteration...1761
Gibbs score: -5596573.832586
Start iteration...1762
Start iteration...1763
Start iteration...1764
Start iteration...1765
Start iteration...1766
Start iteration...1767
Start iteration...1768
Start iteration...1769
Start iteration...1770
Start iteration...1771
Gibbs score: -5602148.214469
Start iteration...1772
Start iteration...1773
Start iteration...1774
Start iteration...1775
Start iteration...1776
Start iteration...1777
Start iteration...1778
Start iteration...1779
Start iteration...1780
Start iteration...1781
Gibbs score: -5603936.274905
Start iteration...1782
Start iteration...1783
Start iteration...1784
Start iteration...1785
Start iteration...1786
Start iteration...1787
Start iteration...1788
Start iteration...1789
Start iteration...1790
Start iteration...1791
Gibbs score: -5598313.913623
Start iteration...1792
Start iteration...1793
Start iteration...1794
Start iteration...1795
Start iteration...1796
Start iteration...1797
Start iteration...1798
Start iteration...1799
Start iteration...1800
Start iteration...1801
Gibbs score: -5600565.440024
Start iteration...1802
Start iteration...1803
Start iteration...1804
Start iteration...1805
Start iteration...1806
Start iteration...1807
Start iteration...1808
Start iteration...1809
Start iteration...1810
Start iteration...1811
Gibbs score: -5598237.727397
Start iteration...1812
Start iteration...1813
Start iteration...1814
Start iteration...1815
Start iteration...1816
Start iteration...1817
Start iteration...1818
Start iteration...1819
Start iteration...1820
Start iteration...1821
Gibbs score: -5597544.428587
Start iteration...1822
Start iteration...1823
Start iteration...1824
Start iteration...1825
Start iteration...1826
Start iteration...1827
Start iteration...1828
Start iteration...1829
Start iteration...1830
Start iteration...1831
Gibbs score: -5593482.075494
Start iteration...1832
Start iteration...1833
Start iteration...1834
Start iteration...1835
Start iteration...1836
Start iteration...1837
Start iteration...1838
Start iteration...1839
Start iteration...1840
Start iteration...1841
Gibbs score: -5591196.719813
Start iteration...1842
Start iteration...1843
Start iteration...1844
Start iteration...1845
Start iteration...1846
Start iteration...1847
Start iteration...1848
Start iteration...1849
Start iteration...1850
Start iteration...1851
Gibbs score: -5593249.467673
Start iteration...1852
Start iteration...1853
Start iteration...1854
Start iteration...1855
Start iteration...1856
Start iteration...1857
Start iteration...1858
Start iteration...1859
Start iteration...1860
Start iteration...1861
Gibbs score: -5592687.397680
Start iteration...1862
Start iteration...1863
Start iteration...1864
Start iteration...1865
Start iteration...1866
Start iteration...1867
Start iteration...1868
Start iteration...1869
Start iteration...1870
Start iteration...1871
Gibbs score: -5592550.063507
Start iteration...1872
Start iteration...1873
Start iteration...1874
Start iteration...1875
Start iteration...1876
Start iteration...1877
Start iteration...1878
Start iteration...1879
Start iteration...1880
Start iteration...1881
Gibbs score: -5594335.501448
Start iteration...1882
Start iteration...1883
Start iteration...1884
Start iteration...1885
Start iteration...1886
Start iteration...1887
Start iteration...1888
Start iteration...1889
Start iteration...1890
Start iteration...1891
Gibbs score: -5598097.077358
Start iteration...1892
Start iteration...1893
Start iteration...1894
Start iteration...1895
Start iteration...1896
Start iteration...1897
Start iteration...1898
Start iteration...1899
Start iteration...1900
Start iteration...1901
Gibbs score: -5603159.063640
Start iteration...1902
Start iteration...1903
Start iteration...1904
Start iteration...1905
Start iteration...1906
Start iteration...1907
Start iteration...1908
Start iteration...1909
Start iteration...1910
Start iteration...1911
Gibbs score: -5597462.836229
Start iteration...1912
Start iteration...1913
Start iteration...1914
Start iteration...1915
Start iteration...1916
Start iteration...1917
Start iteration...1918
Start iteration...1919
Start iteration...1920
Start iteration...1921
Gibbs score: -5599648.019172
Start iteration...1922
Start iteration...1923
Start iteration...1924
Start iteration...1925
Start iteration...1926
Start iteration...1927
Start iteration...1928
Start iteration...1929
Start iteration...1930
Start iteration...1931
Gibbs score: -5601685.165184
Start iteration...1932
Start iteration...1933
Start iteration...1934
Start iteration...1935
Start iteration...1936
Start iteration...1937
Start iteration...1938
Start iteration...1939
Start iteration...1940
Start iteration...1941
Gibbs score: -5600027.472611
Start iteration...1942
Start iteration...1943
Start iteration...1944
Start iteration...1945
Start iteration...1946
Start iteration...1947
Start iteration...1948
Start iteration...1949
Start iteration...1950
Start iteration...1951
Gibbs score: -5603304.278468
Start iteration...1952
Start iteration...1953
Start iteration...1954
Start iteration...1955
Start iteration...1956
Start iteration...1957
Start iteration...1958
Start iteration...1959
Start iteration...1960
Start iteration...1961
Gibbs score: -5605389.886305
Start iteration...1962
Start iteration...1963
Start iteration...1964
Start iteration...1965
Start iteration...1966
Start iteration...1967
Start iteration...1968
Start iteration...1969
Start iteration...1970
Start iteration...1971
Gibbs score: -5605689.076233
Start iteration...1972
Start iteration...1973
Start iteration...1974
Start iteration...1975
Start iteration...1976
Start iteration...1977
Start iteration...1978
Start iteration...1979
Start iteration...1980
Start iteration...1981
Gibbs score: -5603030.047303
Start iteration...1982
Start iteration...1983
Start iteration...1984
Start iteration...1985
Start iteration...1986
Start iteration...1987
Start iteration...1988
Start iteration...1989
Start iteration...1990
Start iteration...1991
Gibbs score: -5602124.584705
Start iteration...1992
Start iteration...1993
Start iteration...1994
Start iteration...1995
Start iteration...1996
Start iteration...1997
Start iteration...1998
Start iteration...1999
Start iteration...2000
Start iteration...2001
Gibbs score: -5600075.296324
Start iteration...2002
Start iteration...2003
Start iteration...2004
Start iteration...2005
Start iteration...2006
Start iteration...2007
Start iteration...2008
Start iteration...2009
Start iteration...2010
Start iteration...2011
Gibbs score: -5598000.888562
Start iteration...2012
Start iteration...2013
Start iteration...2014
Start iteration...2015
Start iteration...2016
Start iteration...2017
Start iteration...2018
Start iteration...2019
Start iteration...2020
Start iteration...2021
Gibbs score: -5601291.628449
Start iteration...2022
Start iteration...2023
Start iteration...2024
Start iteration...2025
Start iteration...2026
Start iteration...2027
Start iteration...2028
Start iteration...2029
Start iteration...2030
Start iteration...2031
Gibbs score: -5600077.753102
Start iteration...2032
Start iteration...2033
Start iteration...2034
Start iteration...2035
Start iteration...2036
Start iteration...2037
Start iteration...2038
Start iteration...2039
Start iteration...2040
Start iteration...2041
Gibbs score: -5598294.493392
Start iteration...2042
Start iteration...2043
Start iteration...2044
Start iteration...2045
Start iteration...2046
Start iteration...2047
Start iteration...2048
Start iteration...2049
Start iteration...2050
Start iteration...2051
Gibbs score: -5601997.490076
Start iteration...2052
Start iteration...2053
Start iteration...2054
Start iteration...2055
Start iteration...2056
Start iteration...2057
Start iteration...2058
Start iteration...2059
Start iteration...2060
Start iteration...2061
Gibbs score: -5607350.294417
Start iteration...2062
Start iteration...2063
Start iteration...2064
Start iteration...2065
Start iteration...2066
Start iteration...2067
Start iteration...2068
Start iteration...2069
Start iteration...2070
Start iteration...2071
Gibbs score: -5613880.445765
Start iteration...2072
Start iteration...2073
Start iteration...2074
Start iteration...2075
Start iteration...2076
Start iteration...2077
Start iteration...2078
Start iteration...2079
Start iteration...2080
Start iteration...2081
Gibbs score: -5607600.618523
Start iteration...2082
Start iteration...2083
Start iteration...2084
Start iteration...2085
Start iteration...2086
Start iteration...2087
Start iteration...2088
Start iteration...2089
Start iteration...2090
Start iteration...2091
Gibbs score: -5605673.033913
Start iteration...2092
Start iteration...2093
Start iteration...2094
Start iteration...2095
Start iteration...2096
Start iteration...2097
Start iteration...2098
Start iteration...2099
Start iteration...2100
Start iteration...2101
Gibbs score: -5608712.769282
Start iteration...2102
Start iteration...2103
Start iteration...2104
Start iteration...2105
Start iteration...2106
Start iteration...2107
Start iteration...2108
Start iteration...2109
Start iteration...2110
Start iteration...2111
Gibbs score: -5611335.496477
Start iteration...2112
Start iteration...2113
Start iteration...2114
Start iteration...2115
Start iteration...2116
Start iteration...2117
Start iteration...2118
Start iteration...2119
Start iteration...2120
Start iteration...2121
Gibbs score: -5609978.412108
Start iteration...2122
Start iteration...2123
Start iteration...2124
Start iteration...2125
Start iteration...2126
Start iteration...2127
Start iteration...2128
Start iteration...2129
Start iteration...2130
Start iteration...2131
Gibbs score: -5609320.777544
Start iteration...2132
Start iteration...2133
Start iteration...2134
Start iteration...2135
Start iteration...2136
Start iteration...2137
Start iteration...2138
Start iteration...2139
Start iteration...2140
Start iteration...2141
Gibbs score: -5613764.051331
Start iteration...2142
Start iteration...2143
Start iteration...2144
Start iteration...2145
Start iteration...2146
Start iteration...2147
Start iteration...2148
Start iteration...2149
Start iteration...2150
Start iteration...2151
Gibbs score: -5614433.414230
Start iteration...2152
Start iteration...2153
Start iteration...2154
Start iteration...2155
Start iteration...2156
Start iteration...2157
Start iteration...2158
Start iteration...2159
Start iteration...2160
Start iteration...2161
Gibbs score: -5612944.426322
Start iteration...2162
Start iteration...2163
Start iteration...2164
Start iteration...2165
Start iteration...2166
Start iteration...2167
Start iteration...2168
Start iteration...2169
Start iteration...2170
Start iteration...2171
Gibbs score: -5611038.959874
Start iteration...2172
Start iteration...2173
Start iteration...2174
Start iteration...2175
Start iteration...2176
Start iteration...2177
Start iteration...2178
Start iteration...2179
Start iteration...2180
Start iteration...2181
Gibbs score: -5612073.686801
Start iteration...2182
Start iteration...2183
Start iteration...2184
Start iteration...2185
Start iteration...2186
Start iteration...2187
Start iteration...2188
Start iteration...2189
Start iteration...2190
Start iteration...2191
Gibbs score: -5613865.592143
Start iteration...2192
Start iteration...2193
Start iteration...2194
Start iteration...2195
Start iteration...2196
Start iteration...2197
Start iteration...2198
Start iteration...2199
Start iteration...2200
Start iteration...2201
Gibbs score: -5617894.330554
Start iteration...2202
Start iteration...2203
Start iteration...2204
Start iteration...2205
Start iteration...2206
Start iteration...2207
Start iteration...2208
Start iteration...2209
Start iteration...2210
Start iteration...2211
Gibbs score: -5613486.397590
Start iteration...2212
Start iteration...2213
Start iteration...2214
Start iteration...2215
Start iteration...2216
Start iteration...2217
Start iteration...2218
Start iteration...2219
Start iteration...2220
Start iteration...2221
Gibbs score: -5612736.357783
Start iteration...2222
Start iteration...2223
Start iteration...2224
Start iteration...2225
Start iteration...2226
Start iteration...2227
Start iteration...2228
Start iteration...2229
Start iteration...2230
Start iteration...2231
Gibbs score: -5612603.153605
Start iteration...2232
Start iteration...2233
Start iteration...2234
Start iteration...2235
Start iteration...2236
Start iteration...2237
Start iteration...2238
Start iteration...2239
Start iteration...2240
Start iteration...2241
Gibbs score: -5613070.072096
Start iteration...2242
Start iteration...2243
Start iteration...2244
Start iteration...2245
Start iteration...2246
Start iteration...2247
Start iteration...2248
Start iteration...2249
Start iteration...2250
Start iteration...2251
Gibbs score: -5619450.292799
Start iteration...2252
Start iteration...2253
Start iteration...2254
Start iteration...2255
Start iteration...2256
Start iteration...2257
Start iteration...2258
Start iteration...2259
Start iteration...2260
Start iteration...2261
Gibbs score: -5615593.978481
Start iteration...2262
Start iteration...2263
Start iteration...2264
Start iteration...2265
Start iteration...2266
Start iteration...2267
Start iteration...2268
Start iteration...2269
Start iteration...2270
Start iteration...2271
Gibbs score: -5613582.512352
Start iteration...2272
Start iteration...2273
Start iteration...2274
Start iteration...2275
Start iteration...2276
Start iteration...2277
Start iteration...2278
Start iteration...2279
Start iteration...2280
Start iteration...2281
Gibbs score: -5612313.142051
Start iteration...2282
Start iteration...2283
Start iteration...2284
Start iteration...2285
Start iteration...2286
Start iteration...2287
Start iteration...2288
Start iteration...2289
Start iteration...2290
Start iteration...2291
Gibbs score: -5612845.265175
Start iteration...2292
Start iteration...2293
Start iteration...2294
Start iteration...2295
Start iteration...2296
Start iteration...2297
Start iteration...2298
Start iteration...2299
Start iteration...2300
Start iteration...2301
Gibbs score: -5612264.472004
Start iteration...2302
Start iteration...2303
Start iteration...2304
Start iteration...2305
Start iteration...2306
Start iteration...2307
Start iteration...2308
Start iteration...2309
Start iteration...2310
Start iteration...2311
Gibbs score: -5613212.396872
Start iteration...2312
Start iteration...2313
Start iteration...2314
Start iteration...2315
Start iteration...2316
Start iteration...2317
Start iteration...2318
Start iteration...2319
Start iteration...2320
Start iteration...2321
Gibbs score: -5614782.966937
Start iteration...2322
Start iteration...2323
Start iteration...2324
Start iteration...2325
Start iteration...2326
Start iteration...2327
Start iteration...2328
Start iteration...2329
Start iteration...2330
Start iteration...2331
Gibbs score: -5616883.098184
Start iteration...2332
Start iteration...2333
Start iteration...2334
Start iteration...2335
Start iteration...2336
Start iteration...2337
Start iteration...2338
Start iteration...2339
Start iteration...2340
Start iteration...2341
Gibbs score: -5615239.723409
Start iteration...2342
Start iteration...2343
Start iteration...2344
Start iteration...2345
Start iteration...2346
Start iteration...2347
Start iteration...2348
Start iteration...2349
Start iteration...2350
Start iteration...2351
Gibbs score: -5608899.890589
Start iteration...2352
Start iteration...2353
Start iteration...2354
Start iteration...2355
Start iteration...2356
Start iteration...2357
Start iteration...2358
Start iteration...2359
Start iteration...2360
Start iteration...2361
Gibbs score: -5612034.537242
Start iteration...2362
Start iteration...2363
Start iteration...2364
Start iteration...2365
Start iteration...2366
Start iteration...2367
Start iteration...2368
Start iteration...2369
Start iteration...2370
Start iteration...2371
Gibbs score: -5613043.696703
Start iteration...2372
Start iteration...2373
Start iteration...2374
Start iteration...2375
Start iteration...2376
Start iteration...2377
Start iteration...2378
Start iteration...2379
Start iteration...2380
Start iteration...2381
Gibbs score: -5612992.139297
Start iteration...2382
Start iteration...2383
Start iteration...2384
Start iteration...2385
Start iteration...2386
Start iteration...2387
Start iteration...2388
Start iteration...2389
Start iteration...2390
Start iteration...2391
Gibbs score: -5608371.724703
Start iteration...2392
Start iteration...2393
Start iteration...2394
Start iteration...2395
Start iteration...2396
Start iteration...2397
Start iteration...2398
Start iteration...2399
Start iteration...2400
Start iteration...2401
Gibbs score: -5605507.079988
Start iteration...2402
Start iteration...2403
Start iteration...2404
Start iteration...2405
Start iteration...2406
Start iteration...2407
Start iteration...2408
Start iteration...2409
Start iteration...2410
Start iteration...2411
Gibbs score: -5602305.776395
Start iteration...2412
Start iteration...2413
Start iteration...2414
Start iteration...2415
Start iteration...2416
Start iteration...2417
Start iteration...2418
Start iteration...2419
Start iteration...2420
Start iteration...2421
Gibbs score: -5610372.747235
Start iteration...2422
Start iteration...2423
Start iteration...2424
Start iteration...2425
Start iteration...2426
Start iteration...2427
Start iteration...2428
Start iteration...2429
Start iteration...2430
Start iteration...2431
Gibbs score: -5604486.390831
Start iteration...2432
Start iteration...2433
Start iteration...2434
Start iteration...2435
Start iteration...2436
Start iteration...2437
Start iteration...2438
Start iteration...2439
Start iteration...2440
Start iteration...2441
Gibbs score: -5610251.812563
Start iteration...2442
Start iteration...2443
Start iteration...2444
Start iteration...2445
Start iteration...2446
Start iteration...2447
Start iteration...2448
Start iteration...2449
Start iteration...2450
Start iteration...2451
Gibbs score: -5606781.023378
Start iteration...2452
Start iteration...2453
Start iteration...2454
Start iteration...2455
Start iteration...2456
Start iteration...2457
Start iteration...2458
Start iteration...2459
Start iteration...2460
Start iteration...2461
Gibbs score: -5609500.282547
Start iteration...2462
Start iteration...2463
Start iteration...2464
Start iteration...2465
Start iteration...2466
Start iteration...2467
Start iteration...2468
Start iteration...2469
Start iteration...2470
Start iteration...2471
Gibbs score: -5612760.942864
Start iteration...2472
Start iteration...2473
Start iteration...2474
Start iteration...2475
Start iteration...2476
Start iteration...2477
Start iteration...2478
Start iteration...2479
Start iteration...2480
Start iteration...2481
Gibbs score: -5612959.134642
Start iteration...2482
Start iteration...2483
Start iteration...2484
Start iteration...2485
Start iteration...2486
Start iteration...2487
Start iteration...2488
Start iteration...2489
Start iteration...2490
Start iteration...2491
Gibbs score: -5617639.540189
Start iteration...2492
Start iteration...2493
Start iteration...2494
Start iteration...2495
Start iteration...2496
Start iteration...2497
Start iteration...2498
Start iteration...2499
Start iteration...2500
Start iteration...2501
Gibbs score: -5612040.366346
Start iteration...2502
Start iteration...2503
Start iteration...2504
Start iteration...2505
Start iteration...2506
Start iteration...2507
Start iteration...2508
Start iteration...2509
Start iteration...2510
Start iteration...2511
Gibbs score: -5605920.581289
Start iteration...2512
Start iteration...2513
Start iteration...2514
Start iteration...2515
Start iteration...2516
Start iteration...2517
Start iteration...2518
Start iteration...2519
Start iteration...2520
Start iteration...2521
Gibbs score: -5611858.875078
Start iteration...2522
Start iteration...2523
Start iteration...2524
Start iteration...2525
Start iteration...2526
Start iteration...2527
Start iteration...2528
Start iteration...2529
Start iteration...2530
Start iteration...2531
Gibbs score: -5611914.787377
Start iteration...2532
Start iteration...2533
Start iteration...2534
Start iteration...2535
Start iteration...2536
Start iteration...2537
Start iteration...2538
Start iteration...2539
Start iteration...2540
Start iteration...2541
Gibbs score: -5613208.938973
Start iteration...2542
Start iteration...2543
Start iteration...2544
Start iteration...2545
Start iteration...2546
Start iteration...2547
Start iteration...2548
Start iteration...2549
Start iteration...2550
Start iteration...2551
Gibbs score: -5612196.175440
Start iteration...2552
Start iteration...2553
Start iteration...2554
Start iteration...2555
Start iteration...2556
Start iteration...2557
Start iteration...2558
Start iteration...2559
Start iteration...2560
Start iteration...2561
Gibbs score: -5615456.045656
Start iteration...2562
Start iteration...2563
Start iteration...2564
Start iteration...2565
Start iteration...2566
Start iteration...2567
Start iteration...2568
Start iteration...2569
Start iteration...2570
Start iteration...2571
Gibbs score: -5611020.080502
Start iteration...2572
Start iteration...2573
Start iteration...2574
Start iteration...2575
Start iteration...2576
Start iteration...2577
Start iteration...2578
Start iteration...2579
Start iteration...2580
Start iteration...2581
Gibbs score: -5608668.289551
Start iteration...2582
Start iteration...2583
Start iteration...2584
Start iteration...2585
Start iteration...2586
Start iteration...2587
Start iteration...2588
Start iteration...2589
Start iteration...2590
Start iteration...2591
Gibbs score: -5611977.969345
Start iteration...2592
Start iteration...2593
Start iteration...2594
Start iteration...2595
Start iteration...2596
Start iteration...2597
Start iteration...2598
Start iteration...2599
Start iteration...2600
Start iteration...2601
Gibbs score: -5617067.403715
Start iteration...2602
Start iteration...2603
Start iteration...2604
Start iteration...2605
Start iteration...2606
Start iteration...2607
Start iteration...2608
Start iteration...2609
Start iteration...2610
Start iteration...2611
Gibbs score: -5618120.847215
Start iteration...2612
Start iteration...2613
Start iteration...2614
Start iteration...2615
Start iteration...2616
Start iteration...2617
Start iteration...2618
Start iteration...2619
Start iteration...2620
Start iteration...2621
Gibbs score: -5612022.863317
Start iteration...2622
Start iteration...2623
Start iteration...2624
Start iteration...2625
Start iteration...2626
Start iteration...2627
Start iteration...2628
Start iteration...2629
Start iteration...2630
Start iteration...2631
Gibbs score: -5613688.424675
Start iteration...2632
Start iteration...2633
Start iteration...2634
Start iteration...2635
Start iteration...2636
Start iteration...2637
Start iteration...2638
Start iteration...2639
Start iteration...2640
Start iteration...2641
Gibbs score: -5612366.839587
Start iteration...2642
Start iteration...2643
Start iteration...2644
Start iteration...2645
Start iteration...2646
Start iteration...2647
Start iteration...2648
Start iteration...2649
Start iteration...2650
Start iteration...2651
Gibbs score: -5616114.161082
Start iteration...2652
Start iteration...2653
Start iteration...2654
Start iteration...2655
Start iteration...2656
Start iteration...2657
Start iteration...2658
Start iteration...2659
Start iteration...2660
Start iteration...2661
Gibbs score: -5617085.911240
Start iteration...2662
Start iteration...2663
Start iteration...2664
Start iteration...2665
Start iteration...2666
Start iteration...2667
Start iteration...2668
Start iteration...2669
Start iteration...2670
Start iteration...2671
Gibbs score: -5616002.064318
Start iteration...2672
Start iteration...2673
Start iteration...2674
Start iteration...2675
Start iteration...2676
Start iteration...2677
Start iteration...2678
Start iteration...2679
Start iteration...2680
Start iteration...2681
Gibbs score: -5613205.707757
Start iteration...2682
Start iteration...2683
Start iteration...2684
Start iteration...2685
Start iteration...2686
Start iteration...2687
Start iteration...2688
Start iteration...2689
Start iteration...2690
Start iteration...2691
Gibbs score: -5608534.989736
Start iteration...2692
Start iteration...2693
Start iteration...2694
Start iteration...2695
Start iteration...2696
Start iteration...2697
Start iteration...2698
Start iteration...2699
Start iteration...2700
Start iteration...2701
Gibbs score: -5611656.930436
Start iteration...2702
Start iteration...2703
Start iteration...2704
Start iteration...2705
Start iteration...2706
Start iteration...2707
Start iteration...2708
Start iteration...2709
Start iteration...2710
Start iteration...2711
Gibbs score: -5610783.075909
Start iteration...2712
Start iteration...2713
Start iteration...2714
Start iteration...2715
Start iteration...2716
Start iteration...2717
Start iteration...2718
Start iteration...2719
Start iteration...2720
Start iteration...2721
Gibbs score: -5611178.581521
Start iteration...2722
Start iteration...2723
Start iteration...2724
Start iteration...2725
Start iteration...2726
Start iteration...2727
Start iteration...2728
Start iteration...2729
Start iteration...2730
Start iteration...2731
Gibbs score: -5612977.272086
Start iteration...2732
Start iteration...2733
Start iteration...2734
Start iteration...2735
Start iteration...2736
Start iteration...2737
Start iteration...2738
Start iteration...2739
Start iteration...2740
Start iteration...2741
Gibbs score: -5617522.143186
Start iteration...2742
Start iteration...2743
Start iteration...2744
Start iteration...2745
Start iteration...2746
Start iteration...2747
Start iteration...2748
Start iteration...2749
Start iteration...2750
Start iteration...2751
Gibbs score: -5617387.299093
Start iteration...2752
Start iteration...2753
Start iteration...2754
Start iteration...2755
Start iteration...2756
Start iteration...2757
Start iteration...2758
Start iteration...2759
Start iteration...2760
Start iteration...2761
Gibbs score: -5615546.678185
Start iteration...2762
Start iteration...2763
Start iteration...2764
Start iteration...2765
Start iteration...2766
Start iteration...2767
Start iteration...2768
Start iteration...2769
Start iteration...2770
Start iteration...2771
Gibbs score: -5605360.939039
Start iteration...2772
Start iteration...2773
Start iteration...2774
Start iteration...2775
Start iteration...2776
Start iteration...2777
Start iteration...2778
Start iteration...2779
Start iteration...2780
Start iteration...2781
Gibbs score: -5602676.632825
Start iteration...2782
Start iteration...2783
Start iteration...2784
Start iteration...2785
Start iteration...2786
Start iteration...2787
Start iteration...2788
Start iteration...2789
Start iteration...2790
Start iteration...2791
Gibbs score: -5607395.513231
Start iteration...2792
Start iteration...2793
Start iteration...2794
Start iteration...2795
Start iteration...2796
Start iteration...2797
Start iteration...2798
Start iteration...2799
Start iteration...2800
Start iteration...2801
Gibbs score: -5609344.754121
Start iteration...2802
Start iteration...2803
Start iteration...2804
Start iteration...2805
Start iteration...2806
Start iteration...2807
Start iteration...2808
Start iteration...2809
Start iteration...2810
Start iteration...2811
Gibbs score: -5611129.068662
Start iteration...2812
Start iteration...2813
Start iteration...2814
Start iteration...2815
Start iteration...2816
Start iteration...2817
Start iteration...2818
Start iteration...2819
Start iteration...2820
Start iteration...2821
Gibbs score: -5612700.086329
Start iteration...2822
Start iteration...2823
Start iteration...2824
Start iteration...2825
Start iteration...2826
Start iteration...2827
Start iteration...2828
Start iteration...2829
Start iteration...2830
Start iteration...2831
Gibbs score: -5613982.848082
Start iteration...2832
Start iteration...2833
Start iteration...2834
Start iteration...2835
Start iteration...2836
Start iteration...2837
Start iteration...2838
Start iteration...2839
Start iteration...2840
Start iteration...2841
Gibbs score: -5606439.478723
Start iteration...2842
Start iteration...2843
Start iteration...2844
Start iteration...2845
Start iteration...2846
Start iteration...2847
Start iteration...2848
Start iteration...2849
Start iteration...2850
Start iteration...2851
Gibbs score: -5613643.712305
Start iteration...2852
Start iteration...2853
Start iteration...2854
Start iteration...2855
Start iteration...2856
Start iteration...2857
Start iteration...2858
Start iteration...2859
Start iteration...2860
Start iteration...2861
Gibbs score: -5607266.328491
Start iteration...2862
Start iteration...2863
Start iteration...2864
Start iteration...2865
Start iteration...2866
Start iteration...2867
Start iteration...2868
Start iteration...2869
Start iteration...2870
Start iteration...2871
Gibbs score: -5613524.046585
Start iteration...2872
Start iteration...2873
Start iteration...2874
Start iteration...2875
Start iteration...2876
Start iteration...2877
Start iteration...2878
Start iteration...2879
Start iteration...2880
Start iteration...2881
Gibbs score: -5610550.661711
Start iteration...2882
Start iteration...2883
Start iteration...2884
Start iteration...2885
Start iteration...2886
Start iteration...2887
Start iteration...2888
Start iteration...2889
Start iteration...2890
Start iteration...2891
Gibbs score: -5609273.232400
Start iteration...2892
Start iteration...2893
Start iteration...2894
Start iteration...2895
Start iteration...2896
Start iteration...2897
Start iteration...2898
Start iteration...2899
Start iteration...2900
Start iteration...2901
Gibbs score: -5611359.680212
Start iteration...2902
Start iteration...2903
Start iteration...2904
Start iteration...2905
Start iteration...2906
Start iteration...2907
Start iteration...2908
Start iteration...2909
Start iteration...2910
Start iteration...2911
Gibbs score: -5607074.554902
Start iteration...2912
Start iteration...2913
Start iteration...2914
Start iteration...2915
Start iteration...2916
Start iteration...2917
Start iteration...2918
Start iteration...2919
Start iteration...2920
Start iteration...2921
Gibbs score: -5607531.225431
Start iteration...2922
Start iteration...2923
Start iteration...2924
Start iteration...2925
Start iteration...2926
Start iteration...2927
Start iteration...2928
Start iteration...2929
Start iteration...2930
Start iteration...2931
Gibbs score: -5615187.443438
Start iteration...2932
Start iteration...2933
Start iteration...2934
Start iteration...2935
Start iteration...2936
Start iteration...2937
Start iteration...2938
Start iteration...2939
Start iteration...2940
Start iteration...2941
Gibbs score: -5611471.999045
Start iteration...2942
Start iteration...2943
Start iteration...2944
Start iteration...2945
Start iteration...2946
Start iteration...2947
Start iteration...2948
Start iteration...2949
Start iteration...2950
Start iteration...2951
Gibbs score: -5618541.919090
Start iteration...2952
Start iteration...2953
Start iteration...2954
Start iteration...2955
Start iteration...2956
Start iteration...2957
Start iteration...2958
Start iteration...2959
Start iteration...2960
Start iteration...2961
Gibbs score: -5613432.523507
Start iteration...2962
Start iteration...2963
Start iteration...2964
Start iteration...2965
Start iteration...2966
Start iteration...2967
Start iteration...2968
Start iteration...2969
Start iteration...2970
Start iteration...2971
Gibbs score: -5619200.081227
Start iteration...2972
Start iteration...2973
Start iteration...2974
Start iteration...2975
Start iteration...2976
Start iteration...2977
Start iteration...2978
Start iteration...2979
Start iteration...2980
Start iteration...2981
Gibbs score: -5614642.662110
Start iteration...2982
Start iteration...2983
Start iteration...2984
Start iteration...2985
Start iteration...2986
Start iteration...2987
Start iteration...2988
Start iteration...2989
Start iteration...2990
Start iteration...2991
Gibbs score: -5617964.631434
Start iteration...2992
Start iteration...2993
Start iteration...2994
Start iteration...2995
Start iteration...2996
Start iteration...2997
Start iteration...2998
Start iteration...2999
Start iteration...3000
Start iteration...3001
Gibbs score: -5618955.753153
Start iteration...3002
Start iteration...3003
Start iteration...3004
Start iteration...3005
Start iteration...3006
Start iteration...3007
Start iteration...3008
Start iteration...3009
Start iteration...3010
Start iteration...3011
Gibbs score: -5620900.588986
Start iteration...3012
Start iteration...3013
Start iteration...3014
Start iteration...3015
Start iteration...3016
Start iteration...3017
Start iteration...3018
Start iteration...3019
Start iteration...3020
Start iteration...3021
Gibbs score: -5615018.174660
Start iteration...3022
Start iteration...3023
Start iteration...3024
Start iteration...3025
Start iteration...3026
Start iteration...3027
Start iteration...3028
Start iteration...3029
Start iteration...3030
Start iteration...3031
Gibbs score: -5615935.858719
Start iteration...3032
Start iteration...3033
Start iteration...3034
Start iteration...3035
Start iteration...3036
Start iteration...3037
Start iteration...3038
Start iteration...3039
Start iteration...3040
Start iteration...3041
Gibbs score: -5620672.226461
Start iteration...3042
Start iteration...3043
Start iteration...3044
Start iteration...3045
Start iteration...3046
Start iteration...3047
Start iteration...3048
Start iteration...3049
Start iteration...3050
Start iteration...3051
Gibbs score: -5619959.718311
Start iteration...3052
Start iteration...3053
Start iteration...3054
Start iteration...3055
Start iteration...3056
Start iteration...3057
Start iteration...3058
Start iteration...3059
Start iteration...3060
Start iteration...3061
Gibbs score: -5613679.156591
Start iteration...3062
Start iteration...3063
Start iteration...3064
Start iteration...3065
Start iteration...3066
Start iteration...3067
Start iteration...3068
Start iteration...3069
Start iteration...3070
Start iteration...3071
Gibbs score: -5612116.131774
Start iteration...3072
Start iteration...3073
Start iteration...3074
Start iteration...3075
Start iteration...3076
Start iteration...3077
Start iteration...3078
Start iteration...3079
Start iteration...3080
Start iteration...3081
Gibbs score: -5616397.758128
Start iteration...3082
Start iteration...3083
Start iteration...3084
Start iteration...3085
Start iteration...3086
Start iteration...3087
Start iteration...3088
Start iteration...3089
Start iteration...3090
Start iteration...3091
Gibbs score: -5622171.391932
Start iteration...3092
Start iteration...3093
Start iteration...3094
Start iteration...3095
Start iteration...3096
Start iteration...3097
Start iteration...3098
Start iteration...3099
Start iteration...3100
Start iteration...3101
Gibbs score: -5617852.149944
Start iteration...3102
Start iteration...3103
Start iteration...3104
Start iteration...3105
Start iteration...3106
Start iteration...3107
Start iteration...3108
Start iteration...3109
Start iteration...3110
Start iteration...3111
Gibbs score: -5622825.598864
Start iteration...3112
Start iteration...3113
Start iteration...3114
Start iteration...3115
Start iteration...3116
Start iteration...3117
Start iteration...3118
Start iteration...3119
Start iteration...3120
Start iteration...3121
Gibbs score: -5619918.166417
Start iteration...3122
Start iteration...3123
Start iteration...3124
Start iteration...3125
Start iteration...3126
Start iteration...3127
Start iteration...3128
Start iteration...3129
Start iteration...3130
Start iteration...3131
Gibbs score: -5615234.576917
Start iteration...3132
Start iteration...3133
Start iteration...3134
Start iteration...3135
Start iteration...3136
Start iteration...3137
Start iteration...3138
Start iteration...3139
Start iteration...3140
Start iteration...3141
Gibbs score: -5610531.671313
Start iteration...3142
Start iteration...3143
Start iteration...3144
Start iteration...3145
Start iteration...3146
Start iteration...3147
Start iteration...3148
Start iteration...3149
Start iteration...3150
Start iteration...3151
Gibbs score: -5610431.416260
Start iteration...3152
Start iteration...3153
Start iteration...3154
Start iteration...3155
Start iteration...3156
Start iteration...3157
Start iteration...3158
Start iteration...3159
Start iteration...3160
Start iteration...3161
Gibbs score: -5608447.103579
Start iteration...3162
Start iteration...3163
Start iteration...3164
Start iteration...3165
Start iteration...3166
Start iteration...3167
Start iteration...3168
Start iteration...3169
Start iteration...3170
Start iteration...3171
Gibbs score: -5608485.272291
Start iteration...3172
Start iteration...3173
Start iteration...3174
Start iteration...3175
Start iteration...3176
Start iteration...3177
Start iteration...3178
Start iteration...3179
Start iteration...3180
Start iteration...3181
Gibbs score: -5613866.855524
Start iteration...3182
Start iteration...3183
Start iteration...3184
Start iteration...3185
Start iteration...3186
Start iteration...3187
Start iteration...3188
Start iteration...3189
Start iteration...3190
Start iteration...3191
Gibbs score: -5616364.573919
Start iteration...3192
Start iteration...3193
Start iteration...3194
Start iteration...3195
Start iteration...3196
Start iteration...3197
Start iteration...3198
Start iteration...3199
Start iteration...3200
Start iteration...3201
Gibbs score: -5619455.557139
Start iteration...3202
Start iteration...3203
Start iteration...3204
Start iteration...3205
Start iteration...3206
Start iteration...3207
Start iteration...3208
Start iteration...3209
Start iteration...3210
Start iteration...3211
Gibbs score: -5618224.239597
Start iteration...3212
Start iteration...3213
Start iteration...3214
Start iteration...3215
Start iteration...3216
Start iteration...3217
Start iteration...3218
Start iteration...3219
Start iteration...3220
Start iteration...3221
Gibbs score: -5617468.314045
Start iteration...3222
Start iteration...3223
Start iteration...3224
Start iteration...3225
Start iteration...3226
Start iteration...3227
Start iteration...3228
Start iteration...3229
Start iteration...3230
Start iteration...3231
Gibbs score: -5624998.668287
Start iteration...3232
Start iteration...3233
Start iteration...3234
Start iteration...3235
Start iteration...3236
Start iteration...3237
Start iteration...3238
Start iteration...3239
Start iteration...3240
Start iteration...3241
Gibbs score: -5622295.405174
Start iteration...3242
Start iteration...3243
Start iteration...3244
Start iteration...3245
Start iteration...3246
Start iteration...3247
Start iteration...3248
Start iteration...3249
Start iteration...3250
Start iteration...3251
Gibbs score: -5617875.857439
Start iteration...3252
Start iteration...3253
